Determining if the pthread_create exist failed with the following output:
Change Dir: /home/philos/Desktop/cam_catch/build/CMakeFiles/CMakeTmp

Run Build Command:"/usr/bin/make" "cmTC_9c0d6/fast"
/usr/bin/make -f CMakeFiles/cmTC_9c0d6.dir/build.make CMakeFiles/cmTC_9c0d6.dir/build
make[1]: Entering directory '/home/philos/Desktop/cam_catch/build/CMakeFiles/CMakeTmp'
Building C object CMakeFiles/cmTC_9c0d6.dir/CheckSymbolExists.c.o
/usr/bin/cc     -o CMakeFiles/cmTC_9c0d6.dir/CheckSymbolExists.c.o   -c /home/philos/Desktop/cam_catch/build/CMakeFiles/CMakeTmp/CheckSymbolExists.c
Linking C executable cmTC_9c0d6
/usr/bin/cmake -E cmake_link_script CMakeFiles/cmTC_9c0d6.dir/link.txt --verbose=1
/usr/bin/cc       CMakeFiles/cmTC_9c0d6.dir/CheckSymbolExists.c.o  -o cmTC_9c0d6 -rdynamic 
CMakeFiles/cmTC_9c0d6.dir/CheckSymbolExists.c.o: In function `main':
CheckSymbolExists.c:(.text+0x16): undefined reference to `pthread_create'
collect2: error: ld returned 1 exit status
CMakeFiles/cmTC_9c0d6.dir/build.make:97: recipe for target 'cmTC_9c0d6' failed
make[1]: *** [cmTC_9c0d6] Error 1
make[1]: Leaving directory '/home/philos/Desktop/cam_catch/build/CMakeFiles/CMakeTmp'
Makefile:126: recipe for target 'cmTC_9c0d6/fast' failed
make: *** [cmTC_9c0d6/fast] Error 2

File /home/philos/Desktop/cam_catch/build/CMakeFiles/CMakeTmp/CheckSymbolExists.c:
/* */
#include <pthread.h>

int main(int argc, char** argv)
{
  (void)argv;
#ifndef pthread_create
  return ((int*)(&pthread_create))[argc];
#else
  (void)argc;
  return 0;
#endif
}

Determining if the function pthread_create exists in the pthreads failed with the following output:
Change Dir: /home/philos/Desktop/cam_catch/build/CMakeFiles/CMakeTmp

Run Build Command:"/usr/bin/make" "cmTC_0f679/fast"
/usr/bin/make -f CMakeFiles/cmTC_0f679.dir/build.make CMakeFiles/cmTC_0f679.dir/build
make[1]: Entering directory '/home/philos/Desktop/cam_catch/build/CMakeFiles/CMakeTmp'
Building C object CMakeFiles/cmTC_0f679.dir/CheckFunctionExists.c.o
/usr/bin/cc    -DCHECK_FUNCTION_EXISTS=pthread_create   -o CMakeFiles/cmTC_0f679.dir/CheckFunctionExists.c.o   -c /usr/share/cmake-3.5/Modules/CheckFunctionExists.c
Linking C executable cmTC_0f679
/usr/bin/cmake -E cmake_link_script CMakeFiles/cmTC_0f679.dir/link.txt --verbose=1
/usr/bin/cc   -DCHECK_FUNCTION_EXISTS=pthread_create    CMakeFiles/cmTC_0f679.dir/CheckFunctionExists.c.o  -o cmTC_0f679 -rdynamic -lpthreads 
/usr/bin/ld: cannot find -lpthreads
collect2: error: ld returned 1 exit status
CMakeFiles/cmTC_0f679.dir/build.make:97: recipe for target 'cmTC_0f679' failed
make[1]: *** [cmTC_0f679] Error 1
make[1]: Leaving directory '/home/philos/Desktop/cam_catch/build/CMakeFiles/CMakeTmp'
Makefile:126: recipe for target 'cmTC_0f679/fast' failed
make: *** [cmTC_0f679/fast] Error 2


Determining if the CL_VERSION_2_0 exist failed with the following output:
Change Dir: /home/philos/Desktop/cam_catch/build/CMakeFiles/CMakeTmp

Run Build Command:"/usr/bin/make" "cmTC_5a2e3/fast"
/usr/bin/make -f CMakeFiles/cmTC_5a2e3.dir/build.make CMakeFiles/cmTC_5a2e3.dir/build
make[1]: Entering directory '/home/philos/Desktop/cam_catch/build/CMakeFiles/CMakeTmp'
Building C object CMakeFiles/cmTC_5a2e3.dir/CheckSymbolExists.c.o
/usr/bin/cc   -I/usr/local/cuda/include   -o CMakeFiles/cmTC_5a2e3.dir/CheckSymbolExists.c.o   -c /home/philos/Desktop/cam_catch/build/CMakeFiles/CMakeTmp/CheckSymbolExists.c
/home/philos/Desktop/cam_catch/build/CMakeFiles/CMakeTmp/CheckSymbolExists.c: In function ‘main’:
/home/philos/Desktop/cam_catch/build/CMakeFiles/CMakeTmp/CheckSymbolExists.c:8:19: error: ‘CL_VERSION_2_0’ undeclared (first use in this function)
   return ((int*)(&CL_VERSION_2_0))[argc];
                   ^
/home/philos/Desktop/cam_catch/build/CMakeFiles/CMakeTmp/CheckSymbolExists.c:8:19: note: each undeclared identifier is reported only once for each function it appears in
CMakeFiles/cmTC_5a2e3.dir/build.make:65: recipe for target 'CMakeFiles/cmTC_5a2e3.dir/CheckSymbolExists.c.o' failed
make[1]: *** [CMakeFiles/cmTC_5a2e3.dir/CheckSymbolExists.c.o] Error 1
make[1]: Leaving directory '/home/philos/Desktop/cam_catch/build/CMakeFiles/CMakeTmp'
Makefile:126: recipe for target 'cmTC_5a2e3/fast' failed
make: *** [cmTC_5a2e3/fast] Error 2

File /home/philos/Desktop/cam_catch/build/CMakeFiles/CMakeTmp/CheckSymbolExists.c:
/* */
#include </usr/local/cuda/include/CL/cl.h>

int main(int argc, char** argv)
{
  (void)argv;
#ifndef CL_VERSION_2_0
  return ((int*)(&CL_VERSION_2_0))[argc];
#else
  (void)argc;
  return 0;
#endif
}

